https://www.akc.org/dog-breeds/
https://www.akc.org/expert-advice/dog-breeding/
https://www.akc.org/expert-advice/lifestyle/most-popular-dog-names/
https://www.akc.org/dog-owners/
https://www.akc.org/akc-detection-dog-task-force/
https://www.akc.org/expert-advice/health/
https://www.akc.org/products-services/akc-gooddog-helpline/
https://www.akc.org/expert-advice/lifestyle/names/
https://www.akc.org/breeder-programs/breeder-education/
https://www.akc.org/most-popular-breeds/
https://www.akc.org/products-services/training-programs/
https://www.akc.org/sports/titles-and-abbreviations/
https://www.akc.org/sports/title-recognition-program/
https://www.akc.org/breeder-programs/
https://www.akc.org/expert-advice/news/
https://www.akc.org/expert-advice/
https://www.akc.org/expert-advice/advice/
https://www.akc.org/puppies
https://www.akc.org/sports/
https://www.akc.org/expert-advice/lifestyle/which-sport-should-you-do-with-your-dog/
https://www.akc.org/expert-advice/dog-breeds/
https://www.akc.org/expert-advice/health/senior-dog-health/
https://www.akc.org/register/information/canine-partners/
https://www.akc.org/expert-advice/sports/
https://www.akc.org/sports/agility/events/akc-agility-invitational/
https://www.akc.org/sports/rally/events/akc-rally-national-championship/
https://www.akc.org/sports/title-recognition-program/public-service-dog-program/
https://www.akc.org/sports/obedience/events/national-championship/
https://www.akc.org/sports/title-recognition-program/barn-hunt/
https://www.akc.org/sports/akc-virtual-programs/
https://www.akc.org/sports/obedience/events/obedience-classic/
https://www.akc.org/sports/meet-the-breeds/
https://www.akc.org/breeder-programs/akc-breeder-toolkit/
https://www.akc.org/expert-advice/sports/get-started-in-dog-sports-and-events/
https://www.akc.org/sports/title-recognition-program/disc-dog/
https://www.akc.org/sports/tracking/events/akc-national-tracking-invitational/
https://akc.org/register/litter/
https://www.akc.org/sports/title-recognition-program/dock-diving/
https://akc.org/expert-advice/lifestyle/9-tips-finding-working-responsible-breeder/
https://akc.org/products-services/training-programs/canine-good-citizen/
https://akc.org/register/information/canine-partners/
https://akc.org/sports/conformation/national-owner-handled-series/
https://akc.org/sports/rally/
https://akc.org/akc-rescue-network/
https://akc.org/sports/conformation/puppy-of-achievement/
https://akc.org/public-education/
https://akc.org/products-services/health-general-dog-care/
https://akc.org/register/dog/
https://akc.org/sports/tracking/
https://akc.org/products-services/magazines/
https://akc.org/press-center/
http://akc.org/products-services/training-programs/
https://akc.org/sports/conformation/4-6-month-puppy/
https://akc.org/sports/conformation/akc-match/
https://akc.org/clubs-delegates/government-relations/
https://akc.org/sports/conformation/fss-open-show/
https://akc.org/expert-advice/lifestyle/answer-5-questions-find-right-dog/
https://akc.org/about/archive/
https://akc.org/downloadable-forms/#Registration
https://akc.org/sports/companion/
https://akc.org/sports/conformation/
https://akc.org/register/
https://akc.tv
https://akc.org/expert-advice/sports/get-started-world-dog-sports-events/
https://akc.org/akc-breeder-referral-contacts/
https://akc.org/products-services/breeder-programs/
https://akc.org/register
https://www.akc.org/sports/title-recognition-program/flyball/
https://www.akcreunite.org/
https://akc.org/products-services/breeder-programs/akc-bred-with-heart-program/
https://akc.org/products-services/akc-safe-grooming-program/
https://akc.org/expert-advice/lifestyle/8-science-based-benefits-dog/
https://www.caninecollege.akc.org/
https://www.akcpetinsurance.com/
https://akc.org/products-services/breeder-programs/dna/
https://akc.org/products-services/breeder-programs/akc-breeder-of-merit-program/
https://www.akc.org/sports/title-recognition-program/search-and-rescue/
https://marketplace.akc.org/
https://www.apps.akc.org/apps/ezreg/index.cfm
https://akc.org/subscription/
https://webapps.akc.org/obedience-training-club/#/
https://marketplace.akc.org/puppyvisor
https://webapps.akc.org/vetnet/#/
https://www.apps.akc.org/apps/store/index.cfm?view&#x3D;home
https://www.apps.akc.org/apps/store/index.cfm?view&#x3D;category&amp;cde_category&%23x3D;COMP
https://marketplace.akc.org/search-groomers
https://webapps.akc.org/club-search/#/
https://shop.akc.org/collections/gear-for-dogs-gift-boxes
https://shop.akc.org/products/akc-gooddog-helpline-video-chat/?utm_source&#x3D;akc&amp;utm_medium&%23x3D;banner&amp;utm_campaign&%23x3D;20220926_gdh_featured_product
https://www.apps.akc.org/apps/store/?view&#x3D;category&amp;cde_category&%23x3D;BRDR
https://marketplace.akc.org/puppies
https://shop.akc.org/collections/gear-for-dogs-training-resources-supplies
https://shop.akc.org/collections/shop-by-breed
https://akc.org/sports/obedience/
https://akc.org/sports/agility/
https://www.akc.org/sports/conformation/national-championship/
https://dna.akc.org
https://retrievist.akc.org/reviews/best-dog-toys/
https://shop.akc.org/
https://akc.org/products-services/
https://www.akc.org/expert-advice/puppy-information/
https://www.akc.org/expert-advice/nutrition/
https://www.akc.org/expert-advice/training/
